2025-05-21 16:49:35,446 - __main__ - INFO - Loaded 30 RSS feeds from feeds.json
2025-05-21 16:49:35,446 - __main__ - INFO - Scraping feed: BBC News (United Kingdom) - http://feeds.bbci.co.uk/news/rss.xml
2025-05-21 16:49:47,200 - __main__ - INFO - Scraped 37 articles from BBC News
2025-05-21 16:49:47,200 - __main__ - INFO - Attempting to gather historical data for BBC News
2025-05-21 16:53:26,259 - __main__ - INFO - Scraped 0 historical articles for BBC News
2025-05-21 16:53:26,261 - __main__ - INFO - Scraping feed: CNN (USA) - http://rss.cnn.com/rss/edition.rss
2025-05-21 16:53:29,362 - __main__ - INFO - Scraped 50 articles from CNN
2025-05-21 16:53:29,370 - __main__ - INFO - Attempting to gather historical data for CNN
2025-05-21 16:56:37,612 - __main__ - INFO - Scraped 0 historical articles for CNN
2025-05-21 16:56:37,622 - __main__ - INFO - Scraping feed: Al Jazeera (Qatar) - https://www.aljazeera.com/xml/rss/all.xml
2025-05-21 16:56:39,834 - __main__ - INFO - Scraped 25 articles from Al Jazeera
2025-05-21 16:56:39,834 - __main__ - INFO - Attempting to gather historical data for Al Jazeera
2025-05-21 17:00:13,504 - __main__ - INFO - Scraped 0 historical articles for Al Jazeera
2025-05-21 17:00:13,504 - __main__ - INFO - Scraping feed: NHK (Japan) - https://www3.nhk.or.jp/rss/news/cat0.xml
2025-05-21 17:00:17,702 - __main__ - INFO - Scraped 7 articles from NHK
2025-05-21 17:00:17,704 - __main__ - INFO - Attempting to gather historical data for NHK
2025-05-21 17:04:45,662 - __main__ - INFO - Scraped 0 historical articles for NHK
2025-05-21 17:04:45,662 - __main__ - INFO - Scraping feed: Times of India (India) - https://timesofindia.indiatimes.com/rssfeedstopstories.cms
2025-05-21 17:04:47,624 - __main__ - INFO - Scraped 44 articles from Times of India
2025-05-21 17:04:47,624 - __main__ - INFO - Attempting to gather historical data for Times of India
